<?xml version="1.0" encoding="UTF-8"?>
<testsuite xmlns:xsi="http://www.w3.org/2001/XMLSchema-instance" xsi:noNamespaceSchemaLocation="https://maven.apache.org/surefire/maven-surefire-plugin/xsd/surefire-test-report-3.0.xsd" version="3.0" name="TestInventario" time="0.09" tests="32" errors="0" skipped="0" failures="0">
  <properties>
[...]
</properties>
  <testcase name="testAgregarDuplicadoOtraCategoria" classname="TestInventario" time="0.025"/>
  <testcase name="testVenderProductoInexistente" classname="TestInventario" time="0.001"/>
  <testcase name="testValorTotalUnProducto" classname="TestInventario" time="0.002"/>
  <testcase name="testAgregarNombreVacio" classname="TestInventario" time="0.001"/>
  <testcase name="testVenderCantidadNegativa" classname="TestInventario" time="0.001"/>
  <testcase name="testDescuentoCategoriaInexistente" classname="TestInventario" time="0.001"/>
  <testcase name="testVenderReduceStock" classname="TestInventario" time="0.0"/>
  <testcase name="testAgregarPrecioCero" classname="TestInventario" time="0.001"/>
  <testcase name="testValorTotalInventarioVacio" classname="TestInventario" time="0.0"/>
  <testcase name="testVenderMasQueStock" classname="TestInventario" time="0.003"/>
  <testcase name="testRestockCantidadCero" classname="TestInventario" time="0.001"/>
  <testcase name="testStockBajoInventarioVacio" classname="TestInventario" time="0.002"/>
  <testcase name="testVenderTodoElStock" classname="TestInventario" time="0.001"/>
  <testcase name="testAgregarProductoDuplicado" classname="TestInventario" time="0.002"/>
  <testcase name="testAgregarProductoBasico" classname="TestInventario" time="0.001"/>
  <testcase name="testDescuentoInvalidoMayor50" classname="TestInventario" time="0.003"/>
  <testcase name="testVenderCantidadCero" classname="TestInventario" time="0.0"/>
  <testcase name="testConsultarStockInexistente" classname="TestInventario" time="0.0"/>
  <testcase name="testConsultarStockExistente" classname="TestInventario" time="0.0"/>
  <testcase name="testDescuentoNegativo" classname="TestInventario" time="0.0"/>
  <testcase name="testRestockAumentaStock" classname="TestInventario" time="0.0"/>
  <testcase name="testAgregarCantidadCero" classname="TestInventario" time="0.0"/>
  <testcase name="testVenderUnaUnidad" classname="TestInventario" time="0.001"/>
  <testcase name="testDescuento50Porciento" classname="TestInventario" time="0.0"/>
  <testcase name="testAgregarNombreNull" classname="TestInventario" time="0.001"/>
  <testcase name="testDescuento0Porciento" classname="TestInventario" time="0.001"/>
  <testcase name="testValorTotalVarios" classname="TestInventario" time="0.001"/>
  <testcase name="testRestockProductoInexistente" classname="TestInventario" time="0.0"/>
  <testcase name="testAgregarPrecioNegativo" classname="TestInventario" time="0.0"/>
  <testcase name="testStockExactoUmbralNoAparece" classname="TestInventario" time="0.001"/>
  <testcase name="testDescuentoSoloAfectaCategoria" classname="TestInventario" time="0.0"/>
  <testcase name="testStockBajoRetornaCorrectos" classname="TestInventario" time="0.002"/>
</testsuite>